\BOOKMARK [0][-]{chapter.1}{Einf\374hrung}{}% 1
\BOOKMARK [0][-]{chapter.2}{DAB Standard}{}% 2
\BOOKMARK [1][-]{section.2.1}{Aufbau eines DAB Ensembles}{chapter.2}% 3
\BOOKMARK [1][-]{section.2.2}{Fast Information Channel \(FIC\)}{chapter.2}% 4
\BOOKMARK [2][-]{subsection.2.2.1}{CRC}{section.2.2}% 5
\BOOKMARK [2][-]{subsection.2.2.2}{Energieverwischung}{section.2.2}% 6
\BOOKMARK [2][-]{subsection.2.2.3}{Faltungscodierung}{section.2.2}% 7
\BOOKMARK [1][-]{section.2.3}{MSC}{chapter.2}% 8
\BOOKMARK [2][-]{subsection.2.3.1}{Audio Kompression}{section.2.3}% 9
\BOOKMARK [2][-]{subsection.2.3.2}{Energieverwischung}{section.2.3}% 10
\BOOKMARK [2][-]{subsection.2.3.3}{Faltungscodierung}{section.2.3}% 11
\BOOKMARK [2][-]{subsection.2.3.4}{Zeit-Interleaving}{section.2.3}% 12
\BOOKMARK [2][-]{subsection.2.3.5}{Multiplexing}{section.2.3}% 13
\BOOKMARK [1][-]{section.2.4}{OFDM Modulation}{chapter.2}% 14
\BOOKMARK [2][-]{subsection.2.4.1}{Partitionierung des OFDM Frames}{section.2.4}% 15
\BOOKMARK [2][-]{subsection.2.4.2}{QPSK Modulation}{section.2.4}% 16
\BOOKMARK [2][-]{subsection.2.4.3}{Frequenzinterleaving}{section.2.4}% 17
\BOOKMARK [2][-]{subsection.2.4.4}{Differetielle Modulation}{section.2.4}% 18
\BOOKMARK [2][-]{subsection.2.4.5}{OFDM}{section.2.4}% 19
\BOOKMARK [0][-]{chapter.3}{Implementierung eines DAB/DAB+ Transceivers}{}% 20
\BOOKMARK [1][-]{section.3.1}{GNU Radio}{chapter.3}% 21
\BOOKMARK [1][-]{section.3.2}{Implementierung des Senders}{chapter.3}% 22
\BOOKMARK [2][-]{subsection.3.2.1}{FIB Quelle}{section.3.2}% 23
\BOOKMARK [2][-]{subsection.3.2.2}{FIC Encoder}{section.3.2}% 24
\BOOKMARK [2][-]{subsection.3.2.3}{Audio Quellen und Encoder}{section.3.2}% 25
\BOOKMARK [2][-]{subsection.3.2.4}{MSC Encoder}{section.3.2}% 26
\BOOKMARK [2][-]{subsection.3.2.5}{Multiplexer}{section.3.2}% 27
\BOOKMARK [2][-]{subsection.3.2.6}{OFDM Modulator}{section.3.2}% 28
\BOOKMARK [1][-]{section.3.3}{Implementierung des Empf\344ngers}{chapter.3}% 29
\BOOKMARK [2][-]{subsection.3.3.1}{Zeit Synchronisation}{section.3.3}% 30
\BOOKMARK [2][-]{subsection.3.3.2}{Frequenz Synchronisation}{section.3.3}% 31
\BOOKMARK [2][-]{subsection.3.3.3}{FFT}{section.3.3}% 32
\BOOKMARK [2][-]{subsection.3.3.4}{Frequenzspreizung}{section.3.3}% 33
\BOOKMARK [2][-]{subsection.3.3.5}{Demodulation}{section.3.3}% 34
\BOOKMARK [2][-]{subsection.3.3.6}{Kanaldecodierung}{section.3.3}% 35
\BOOKMARK [2][-]{subsection.3.3.7}{FIC Senke}{section.3.3}% 36
\BOOKMARK [2][-]{subsection.3.3.8}{Audio Decoder}{section.3.3}% 37
\BOOKMARK [0][-]{chapter.4}{Implementierung einer grafischen Transceiver Applikation}{}% 38
\BOOKMARK [1][-]{subsection.4.0.1}{Struktur}{chapter.4}% 39
\BOOKMARK [2][-]{subsection.4.0.2}{GNU Radio flowgraphs}{subsection.4.0.1}% 40
\BOOKMARK [2][-]{subsection.4.0.3}{Datenfluss}{subsection.4.0.1}% 41
\BOOKMARK [2][-]{subsection.4.0.4}{Graphischer Aufbau}{subsection.4.0.1}% 42
\BOOKMARK [0][-]{chapter.5}{Evaluation des Systems}{}% 43
\BOOKMARK [0][-]{chapter.6}{Fazit}{}% 44
\BOOKMARK [0][-]{appendix.A}{Abk\374rzungsverzeichnis}{}% 45
